<?xml version="1.0" encoding="utf-8"?>
<testsuite errors="0" failures="0" hostname="E1317T" name="pytest" skipped="0" tests="11" time="3.142" timestamp="2019-09-12T09:46:22.229550">
	<testcase classname="tests.unit.test_cli" file="tests/unit/test_cli.py" line="25" name="test_help" time="0.013"></testcase>
	<testcase classname="tests.unit.test_cli" file="tests/unit/test_cli.py" line="53" name="test_url_args" time="1.217"></testcase>
	<testcase classname="tests.unit.test_cli" file="tests/unit/test_cli.py" line="73" name="test_local_file_args" time="0.011"></testcase>
	<testcase classname="tests.unit.test_cli" file="tests/unit/test_cli.py" line="93" name="test_acestream_args" time="0.009"></testcase>
	<testcase classname="tests.unit.test_cli" file="tests/unit/test_cli.py" line="109" name="test_sopcast_args" time="0.015"></testcase>
	<testcase classname="tests.unit.test_cli" file="tests/unit/test_cli.py" line="126" name="test_history_file" time="0.011"></testcase>
	<testcase classname="tests.unit.test_kodisettings" file="tests/unit/test_kodisettings.py" line="26" name="test_read_sample_settings_xml" time="0.021"></testcase>
	<testcase classname="tests.unit.test_kodisettings" file="tests/unit/test_kodisettings.py" line="33" name="test_write_setting_xml" time="0.016"></testcase>
	<testcase classname="tests.unit.test_plexushistoryfile.TestPlexusHistoryFile" file="tests/unit/test_plexushistoryfile.py" line="10" name="test_add_acestream_urls" time="0.007"></testcase>
	<testcase classname="tests.unit.test_plexushistoryfile.TestPlexusHistoryFile" file="tests/unit/test_plexushistoryfile.py" line="38" name="test_add_raw_urls" time="0.005"></testcase>
	<testcase classname="tests.unit.test_plexushistoryfile.TestPlexusHistoryFile" file="tests/unit/test_plexushistoryfile.py" line="24" name="test_add_sopcast_urls" time="0.008"></testcase>
</testsuite>